<?xml version="1.0" encoding="UTF-8"?><testsuites time="1.237"><testsuite name="Google search retrieves 10 or more results" tests="5" failures="0" errors="0" time="1.237" timestamp="2014-11-16T14:13:03.895Z" package="googletesting"><testcase name="google homepage title is the one expected" classname="googletesting" time="0.692"></testcase><testcase name="main form is found" classname="googletesting" time="0"></testcase><testcase name="google title is ok" classname="googletesting" time="0.543"></testcase><testcase name="search term has been submitted" classname="googletesting" time="0.001"></testcase><testcase name="google search for &quot;casperjs&quot; retrieves 10 or more results" classname="googletesting" time="0.001"></testcase><system-out></system-out></testsuite></testsuites>